
Due to MODULEPATH changes, the following have been reloaded:
  1) mii/1.1.2

The following have been reloaded with a version change:
  1) StdEnv/2023 => StdEnv/2020           5) libfabric/1.18.0 => libfabric/1.10.1
  2) gcccore/.12.3 => gcccore/.9.3.0      6) openmpi/4.1.5 => openmpi/4.0.3
  3) gentoo/2023 => gentoo/2020           7) ucx/1.14.1 => ucx/1.8.0
  4) imkl/2023.2.0 => imkl/2020.1.217

rm -f *.o *~ *.mod
mpif90  -c   global_variables.f90
mpif90  -c   fftwfunction.f90
mpif90  -c   KS_initialize.f90
mpif90  -c   data_ops.f90
mpif90  -c   function_ops.f90
mpif90  -c   solvers.f90
mpif90  -c   optimization.f90
mpif90  -c   Kappa2DKS_main.f90
mpif90  -o prog global_variables.o fftwfunction.o KS_initialize.o data_ops.o function_ops.o solvers.o optimization.o Kappa2DKS_main.o -lm -lmpi                 -lfftw3_mpi -lfftw3 -lm   -lnetcdff -lnetcdf       
 ============================================== 
                   Kappa Test                   
 ============================================== 
 Resolution Nx  =    32
 Resolution Ny  =    32
 Time Step Size =      1.0000E-02
 Final Time T   =      1.5000E+01
 Viscosity      =      1.0000E+00
 Processors     =    32
  Initial guess  = sineL
 ============================================== 
  Successful FFT Initialization. 
 ============================================== 
  Successful Initial Condition. 
 ============================================== 
 Mean of IC =       3.5527E-15
  Solving Forward DNS...
 Initial time value      =      0.0000E+00
 Number of elements      =   1500
 Initial Enstrophy       =       5.8033E+01
 Initial L^2 In.Prod.    =       1.1607E+02
 Initial H^1 In.Prod.    =       3.3441E+02
 Initial H^2 In.Prod.    =       1.0472E+03
 Initial H^(-1) In.Prod. =       4.3405E+01
 Initial Kinetic Energy  =       6.6351E+01
 Initial Palinstrophy    =       3.9478E+01
 ============================================== 
 Final time value       =      1.5000E-01
 Time iterations        =   1501
 Final Enstrophy        =       2.5493E+02
 Final L^2 In.Prod.     =       2.1759E+04
 Final H^1 In.Prod.     =       5.3574E+04
 Final H^2 In.Prod.     =       1.6155E+05
 Final H^(-1) In.Prod.  =       9.3562E+03
 Final Kinetic Energy   =       4.9010E+02
 Final Palinstrophy     =       1.8688E+02
 Mean of final solution =       7.1054E-15
 ============================================== 
  DNS solved.
 Initial Cost Functional =       1.8688E+02
  *** Initial Condition Perturbation ***
  Solving Adjoint System...
 Time iteration =      0
 ============================================== 
 Mean of final adjoint solution =       1.1102E-16
 Denominator of Kappa Test =       5.3864E-01
 Mean of perturbation =       7.1054E-15
 Initial time value      =      0.0000E+00
 Number of elements      =   1500
 Initial Enstrophy       =       5.8033E+01
 Initial L^2 In.Prod.    =       1.1607E+02
 Initial H^1 In.Prod.    =       3.3441E+02
 Initial H^2 In.Prod.    =       1.0472E+03
 Initial H^(-1) In.Prod. =       4.3405E+01
 Initial Kinetic Energy  =       6.6351E+01
 Initial Palinstrophy    =       3.9478E+01
 ============================================== 
 Final time value       =      1.5000E-01
 Time iterations        =   1501
 Final Enstrophy        =       2.5493E+02
 Final L^2 In.Prod.     =       2.1759E+04
 Final H^1 In.Prod.     =       5.3574E+04
 Final H^2 In.Prod.     =       1.6155E+05
 Final H^(-1) In.Prod.  =       9.3562E+03
 Final Kinetic Energy   =       4.9010E+02
 Final Palinstrophy     =       1.8688E+02
 Mean of final solution =       7.1054E-15
 ============================================== 
 Epsilon                   =       1.0000E-15
 Initial Cost Functional   =       1.8688E+02
 Perturbed Cost Functional =       1.8688E+02
 Kappa Test Numerator      =       2.8422E+01
 Kappa Value               =       5.27658847E+01
 ============================================== 
 Mean of perturbation =       7.1054E-15
 Initial time value      =      0.0000E+00
 Number of elements      =   1500
 Initial Enstrophy       =       5.8033E+01
 Initial L^2 In.Prod.    =       1.1607E+02
 Initial H^1 In.Prod.    =       3.3441E+02
 Initial H^2 In.Prod.    =       1.0472E+03
 Initial H^(-1) In.Prod. =       4.3405E+01
 Initial Kinetic Energy  =       6.6351E+01
 Initial Palinstrophy    =       3.9478E+01
 ============================================== 
 Final time value       =      1.5000E-01
 Time iterations        =   1501
 Final Enstrophy        =       2.5493E+02
 Final L^2 In.Prod.     =       2.1759E+04
 Final H^1 In.Prod.     =       5.3574E+04
 Final H^2 In.Prod.     =       1.6155E+05
 Final H^(-1) In.Prod.  =       9.3562E+03
 Final Kinetic Energy   =       4.9010E+02
 Final Palinstrophy     =       1.8688E+02
 Mean of final solution =       1.4211E-14
 ============================================== 
 Epsilon                   =       1.0000E-14
 Initial Cost Functional   =       1.8688E+02
 Perturbed Cost Functional =       1.8688E+02
 Kappa Test Numerator      =       2.8422E+00
 Kappa Value               =       5.27658847E+00
 ============================================== 
 Mean of perturbation =       7.1054E-15
 Initial time value      =      0.0000E+00
 Number of elements      =   1500
 Initial Enstrophy       =       5.8033E+01
 Initial L^2 In.Prod.    =       1.1607E+02
 Initial H^1 In.Prod.    =       3.3441E+02
 Initial H^2 In.Prod.    =       1.0472E+03
 Initial H^(-1) In.Prod. =       4.3405E+01
 Initial Kinetic Energy  =       6.6351E+01
 Initial Palinstrophy    =       3.9478E+01
 ============================================== 
 Final time value       =      1.5000E-01
 Time iterations        =   1501
 Final Enstrophy        =       2.5493E+02
 Final L^2 In.Prod.     =       2.1759E+04
 Final H^1 In.Prod.     =       5.3574E+04
 Final H^2 In.Prod.     =       1.6155E+05
 Final H^(-1) In.Prod.  =       9.3562E+03
 Final Kinetic Energy   =       4.9010E+02
 Final Palinstrophy     =       1.8688E+02
 Mean of final solution =       0.0000E+00
 ============================================== 
 Epsilon                   =       1.0000E-13
 Initial Cost Functional   =       1.8688E+02
 Perturbed Cost Functional =       1.8688E+02
 Kappa Test Numerator      =      -2.8422E-01
 Kappa Value               =      -5.27658847E-01
 ============================================== 
 Mean of perturbation =       7.1054E-15
 Initial time value      =      0.0000E+00
 Number of elements      =   1500
 Initial Enstrophy       =       5.8033E+01
 Initial L^2 In.Prod.    =       1.1607E+02
 Initial H^1 In.Prod.    =       3.3441E+02
 Initial H^2 In.Prod.    =       1.0472E+03
 Initial H^(-1) In.Prod. =       4.3405E+01
 Initial Kinetic Energy  =       6.6351E+01
 Initial Palinstrophy    =       3.9478E+01
 ============================================== 
 Final time value       =      1.5000E-01
 Time iterations        =   1501
 Final Enstrophy        =       2.5493E+02
 Final L^2 In.Prod.     =       2.1759E+04
 Final H^1 In.Prod.     =       5.3574E+04
 Final H^2 In.Prod.     =       1.6155E+05
 Final H^(-1) In.Prod.  =       9.3562E+03
 Final Kinetic Energy   =       4.9010E+02
 Final Palinstrophy     =       1.8688E+02
 Mean of final solution =       1.4211E-14
 ============================================== 
 Epsilon                   =       1.0000E-12
 Initial Cost Functional   =       1.8688E+02
 Perturbed Cost Functional =       1.8688E+02
 Kappa Test Numerator      =       1.4211E-01
 Kappa Value               =       2.63829424E-01
 ============================================== 
 Mean of perturbation =       1.0658E-14
 Initial time value      =      0.0000E+00
 Number of elements      =   1500
 Initial Enstrophy       =       5.8033E+01
 Initial L^2 In.Prod.    =       1.1607E+02
 Initial H^1 In.Prod.    =       3.3441E+02
 Initial H^2 In.Prod.    =       1.0472E+03
 Initial H^(-1) In.Prod. =       4.3405E+01
 Initial Kinetic Energy  =       6.6351E+01
 Initial Palinstrophy    =       3.9478E+01
 ============================================== 
 Final time value       =      1.5000E-01
 Time iterations        =   1501
 Final Enstrophy        =       2.5493E+02
 Final L^2 In.Prod.     =       2.1759E+04
 Final H^1 In.Prod.     =       5.3574E+04
 Final H^2 In.Prod.     =       1.6155E+05
 Final H^(-1) In.Prod.  =       9.3562E+03
 Final Kinetic Energy   =       4.9010E+02
 Final Palinstrophy     =       1.8688E+02
 Mean of final solution =      -7.1054E-15
 ============================================== 
 Epsilon                   =       1.0000E-11
 Initial Cost Functional   =       1.8688E+02
 Perturbed Cost Functional =       1.8688E+02
 Kappa Test Numerator      =      -2.3590E-01
 Kappa Value               =      -4.37956843E-01
 ============================================== 
 Mean of perturbation =       7.1054E-15
 Initial time value      =      0.0000E+00
 Number of elements      =   1500
 Initial Enstrophy       =       5.8033E+01
 Initial L^2 In.Prod.    =       1.1607E+02
 Initial H^1 In.Prod.    =       3.3441E+02
 Initial H^2 In.Prod.    =       1.0472E+03
 Initial H^(-1) In.Prod. =       4.3405E+01
 Initial Kinetic Energy  =       6.6351E+01
 Initial Palinstrophy    =       3.9478E+01
 ============================================== 
 Final time value       =      1.5000E-01
 Time iterations        =   1501
 Final Enstrophy        =       2.5493E+02
 Final L^2 In.Prod.     =       2.1759E+04
 Final H^1 In.Prod.     =       5.3574E+04
 Final H^2 In.Prod.     =       1.6155E+05
 Final H^(-1) In.Prod.  =       9.3562E+03
 Final Kinetic Energy   =       4.9010E+02
 Final Palinstrophy     =       1.8688E+02
 Mean of final solution =       0.0000E+00
 ============================================== 
 Epsilon                   =       1.0000E-10
 Initial Cost Functional   =       1.8688E+02
 Perturbed Cost Functional =       1.8688E+02
 Kappa Test Numerator      =      -1.3046E-01
 Kappa Value               =      -2.42195411E-01
 ============================================== 
 Mean of perturbation =       1.0658E-14
 Initial time value      =      0.0000E+00
 Number of elements      =   1500
 Initial Enstrophy       =       5.8033E+01
 Initial L^2 In.Prod.    =       1.1607E+02
 Initial H^1 In.Prod.    =       3.3441E+02
 Initial H^2 In.Prod.    =       1.0472E+03
 Initial H^(-1) In.Prod. =       4.3405E+01
 Initial Kinetic Energy  =       6.6351E+01
 Initial Palinstrophy    =       3.9478E+01
 ============================================== 
 Final time value       =      1.5000E-01
 Time iterations        =   1501
 Final Enstrophy        =       2.5493E+02
 Final L^2 In.Prod.     =       2.1759E+04
 Final H^1 In.Prod.     =       5.3574E+04
 Final H^2 In.Prod.     =       1.6155E+05
 Final H^(-1) In.Prod.  =       9.3562E+03
 Final Kinetic Energy   =       4.9010E+02
 Final Palinstrophy     =       1.8688E+02
 Mean of final solution =      -7.1054E-15
 ============================================== 
 Epsilon                   =       1.0000E-09
 Initial Cost Functional   =       1.8688E+02
 Perturbed Cost Functional =       1.8688E+02
 Kappa Test Numerator      =      -1.1730E-01
 Kappa Value               =      -2.17764806E-01
 ============================================== 
 Mean of perturbation =       1.0658E-14
 Initial time value      =      0.0000E+00
 Number of elements      =   1500
 Initial Enstrophy       =       5.8033E+01
 Initial L^2 In.Prod.    =       1.1607E+02
 Initial H^1 In.Prod.    =       3.3441E+02
 Initial H^2 In.Prod.    =       1.0472E+03
 Initial H^(-1) In.Prod. =       4.3405E+01
 Initial Kinetic Energy  =       6.6351E+01
 Initial Palinstrophy    =       3.9478E+01
 ============================================== 
 Final time value       =      1.5000E-01
 Time iterations        =   1501
 Final Enstrophy        =       2.5493E+02
 Final L^2 In.Prod.     =       2.1759E+04
 Final H^1 In.Prod.     =       5.3574E+04
 Final H^2 In.Prod.     =       1.6155E+05
 Final H^(-1) In.Prod.  =       9.3562E+03
 Final Kinetic Energy   =       4.9010E+02
 Final Palinstrophy     =       1.8688E+02
 Mean of final solution =       1.4211E-14
 ============================================== 
 Epsilon                   =       1.0000E-08
 Initial Cost Functional   =       1.8688E+02
 Perturbed Cost Functional =       1.8688E+02
 Kappa Test Numerator      =      -1.1671E-01
 Kappa Value               =      -2.16683106E-01
 ============================================== 
 Mean of perturbation =       7.1054E-15
 Initial time value      =      0.0000E+00
 Number of elements      =   1500
 Initial Enstrophy       =       5.8033E+01
 Initial L^2 In.Prod.    =       1.1607E+02
 Initial H^1 In.Prod.    =       3.3441E+02
 Initial H^2 In.Prod.    =       1.0472E+03
 Initial H^(-1) In.Prod. =       4.3405E+01
 Initial Kinetic Energy  =       6.6351E+01
 Initial Palinstrophy    =       3.9478E+01
 ============================================== 
 Final time value       =      1.5000E-01
 Time iterations        =   1501
 Final Enstrophy        =       2.5493E+02
 Final L^2 In.Prod.     =       2.1759E+04
 Final H^1 In.Prod.     =       5.3574E+04
 Final H^2 In.Prod.     =       1.6155E+05
 Final H^(-1) In.Prod.  =       9.3562E+03
 Final Kinetic Energy   =       4.9010E+02
 Final Palinstrophy     =       1.8688E+02
 Mean of final solution =       1.4211E-14
 ============================================== 
 Epsilon                   =       1.0000E-07
 Initial Cost Functional   =       1.8688E+02
 Perturbed Cost Functional =       1.8688E+02
 Kappa Test Numerator      =      -1.1661E-01
 Kappa Value               =      -2.16486817E-01
 ============================================== 
 Mean of perturbation =       0.0000E+00
 Initial time value      =      0.0000E+00
 Number of elements      =   1500
 Initial Enstrophy       =       5.8033E+01
 Initial L^2 In.Prod.    =       1.1607E+02
 Initial H^1 In.Prod.    =       3.3441E+02
 Initial H^2 In.Prod.    =       1.0472E+03
 Initial H^(-1) In.Prod. =       4.3405E+01
 Initial Kinetic Energy  =       6.6352E+01
 Initial Palinstrophy    =       3.9478E+01
 ============================================== 
 Final time value       =      1.5000E-01
 Time iterations        =   1501
 Final Enstrophy        =       2.5493E+02
 Final L^2 In.Prod.     =       2.1759E+04
 Final H^1 In.Prod.     =       5.3574E+04
 Final H^2 In.Prod.     =       1.6155E+05
 Final H^(-1) In.Prod.  =       9.3562E+03
 Final Kinetic Energy   =       4.9010E+02
 Final Palinstrophy     =       1.8688E+02
 Mean of final solution =       7.1054E-15
 ============================================== 
 Epsilon                   =       1.0000E-06
 Initial Cost Functional   =       1.8688E+02
 Perturbed Cost Functional =       1.8688E+02
 Kappa Test Numerator      =      -1.1659E-01
 Kappa Value               =      -2.16445184E-01
 ============================================== 
 Mean of perturbation =       7.1054E-15
 Initial time value      =      0.0000E+00
 Number of elements      =   1500
 Initial Enstrophy       =       5.8034E+01
 Initial L^2 In.Prod.    =       1.1607E+02
 Initial H^1 In.Prod.    =       3.3441E+02
 Initial H^2 In.Prod.    =       1.0472E+03
 Initial H^(-1) In.Prod. =       4.3406E+01
 Initial Kinetic Energy  =       6.6353E+01
 Initial Palinstrophy    =       3.9479E+01
 ============================================== 
 Final time value       =      1.5000E-01
 Time iterations        =   1501
 Final Enstrophy        =       2.5493E+02
 Final L^2 In.Prod.     =       2.1759E+04
 Final H^1 In.Prod.     =       5.3574E+04
 Final H^2 In.Prod.     =       1.6155E+05
 Final H^(-1) In.Prod.  =       9.3562E+03
 Final Kinetic Energy   =       4.9010E+02
 Final Palinstrophy     =       1.8688E+02
 Mean of final solution =       0.0000E+00
 ============================================== 
 Epsilon                   =       1.0000E-05
 Initial Cost Functional   =       1.8688E+02
 Perturbed Cost Functional =       1.8688E+02
 Kappa Test Numerator      =      -1.1659E-01
 Kappa Value               =      -2.16446287E-01
 ============================================== 
 Mean of perturbation =       7.1054E-15
 Initial time value      =      0.0000E+00
 Number of elements      =   1500
 Initial Enstrophy       =       5.8045E+01
 Initial L^2 In.Prod.    =       1.1609E+02
 Initial H^1 In.Prod.    =       3.3447E+02
 Initial H^2 In.Prod.    =       1.0474E+03
 Initial H^(-1) In.Prod. =       4.3413E+01
 Initial Kinetic Energy  =       6.6365E+01
 Initial Palinstrophy    =       3.9486E+01
 ============================================== 
 Final time value       =      1.5000E-01
 Time iterations        =   1501
 Final Enstrophy        =       2.5493E+02
 Final L^2 In.Prod.     =       2.1759E+04
 Final H^1 In.Prod.     =       5.3574E+04
 Final H^2 In.Prod.     =       1.6155E+05
 Final H^(-1) In.Prod.  =       9.3562E+03
 Final Kinetic Energy   =       4.9010E+02
 Final Palinstrophy     =       1.8688E+02
 Mean of final solution =       7.1054E-15
 ============================================== 
 Epsilon                   =       1.0000E-04
 Initial Cost Functional   =       1.8688E+02
 Perturbed Cost Functional =       1.8688E+02
 Kappa Test Numerator      =      -1.1661E-01
 Kappa Value               =      -2.16483764E-01
 ============================================== 
 Mean of perturbation =       1.0658E-14
 Initial time value      =      0.0000E+00
 Number of elements      =   1500
 Initial Enstrophy       =       5.8149E+01
 Initial L^2 In.Prod.    =       1.1630E+02
 Initial H^1 In.Prod.    =       3.3508E+02
 Initial H^2 In.Prod.    =       1.0493E+03
 Initial H^(-1) In.Prod. =       4.3492E+01
 Initial Kinetic Energy  =       6.6484E+01
 Initial Palinstrophy    =       3.9557E+01
 ============================================== 
 Final time value       =      1.5000E-01
 Time iterations        =   1501
 Final Enstrophy        =       2.5493E+02
 Final L^2 In.Prod.     =       2.1759E+04
 Final H^1 In.Prod.     =       5.3574E+04
 Final H^2 In.Prod.     =       1.6155E+05
 Final H^(-1) In.Prod.  =       9.3562E+03
 Final Kinetic Energy   =       4.9010E+02
 Final Palinstrophy     =       1.8688E+02
 Mean of final solution =       1.4211E-14
 ============================================== 
 Epsilon                   =       1.0000E-03
 Initial Cost Functional   =       1.8688E+02
 Perturbed Cost Functional =       1.8688E+02
 Kappa Test Numerator      =      -1.1681E-01
 Kappa Value               =      -2.16857686E-01
 ============================================== 
 Mean of perturbation =       7.1054E-15
 Initial time value      =      0.0000E+00
 Number of elements      =   1500
 Initial Enstrophy       =       5.9200E+01
 Initial L^2 In.Prod.    =       1.1840E+02
 Initial H^1 In.Prod.    =       3.4113E+02
 Initial H^2 In.Prod.    =       1.0682E+03
 Initial H^(-1) In.Prod. =       4.4277E+01
 Initial Kinetic Energy  =       6.7685E+01
 Initial Palinstrophy    =       4.0272E+01
 ============================================== 
 Final time value       =      1.5000E-01
 Time iterations        =   1501
 Final Enstrophy        =       2.5493E+02
 Final L^2 In.Prod.     =       2.1759E+04
 Final H^1 In.Prod.     =       5.3574E+04
 Final H^2 In.Prod.     =       1.6155E+05
 Final H^(-1) In.Prod.  =       9.3561E+03
 Final Kinetic Energy   =       4.9009E+02
 Final Palinstrophy     =       1.8688E+02
 Mean of final solution =       7.1054E-15
 ============================================== 
 Epsilon                   =       1.0000E-02
 Initial Cost Functional   =       1.8688E+02
 Perturbed Cost Functional =       1.8688E+02
 Kappa Test Numerator      =      -1.1878E-01
 Kappa Value               =      -2.20515572E-01
 ============================================== 
 Mean of perturbation =       7.1054E-15
 Initial time value      =      0.0000E+00
 Number of elements      =   1500
 Initial Enstrophy       =       7.0220E+01
 Initial L^2 In.Prod.    =       1.4044E+02
 Initial H^1 In.Prod.    =       4.0463E+02
 Initial H^2 In.Prod.    =       1.2671E+03
 Initial H^(-1) In.Prod. =       5.2520E+01
 Initial Kinetic Energy  =       8.0285E+01
 Initial Palinstrophy    =       4.7769E+01
 ============================================== 
 Final time value       =      1.5000E-01
 Time iterations        =   1501
 Final Enstrophy        =       2.5489E+02
 Final L^2 In.Prod.     =       2.1756E+04
 Final H^1 In.Prod.     =       5.3569E+04
 Final H^2 In.Prod.     =       1.6155E+05
 Final H^(-1) In.Prod.  =       9.3547E+03
 Final Kinetic Energy   =       4.9001E+02
 Final Palinstrophy     =       1.8686E+02
 Mean of final solution =       1.4211E-14
 ============================================== 
 Epsilon                   =       1.0000E-01
 Initial Cost Functional   =       1.8688E+02
 Perturbed Cost Functional =       1.8686E+02
 Kappa Test Numerator      =      -1.3475E-01
 Kappa Value               =      -2.50163987E-01
 ============================================== 
 ============================================== 
  Successful Deallocation. 
 ============================================== 
 Exit Normally!
Job ID: 56205387
Cluster: beluga
User/Group: zigicj/zigicj
State: RUNNING
Nodes: 1
Cores per node: 32
CPU Utilized: 13:46:31
CPU Efficiency: 74.51% of 18:29:20 core-walltime
Job Wall-clock time: 00:34:40
Memory Utilized: 2.14 GB (estimated maximum)
Memory Efficiency: 2.30% of 92.77 GB (92.77 GB/node)
WARNING: Efficiency statistics may be misleading for RUNNING jobs.
